2025-06-27T15:36:26.398+08:00  INFO 799428 --- [springboot-movie] [main] c.e.demo.SpringbootMovieApplication      : Starting SpringbootMovieApplication using Java 22.0.2 with PID 799428 (D:\WEB\movie\springboot-movie\target\classes started by user in D:\WEB\movie\springboot-movie)
2025-06-27T15:36:26.429+08:00  INFO 799428 --- [springboot-movie] [main] c.e.demo.SpringbootMovieApplication      : No active profile set, falling back to 1 default profile: "default"
2025-06-27T15:36:30.205+08:00  INFO 799428 --- [springboot-movie] [main] .s.d.r.c.RepositoryConfigurationDelegate : Multiple Spring Data modules found, entering strict repository configuration mode
2025-06-27T15:36:30.205+08:00  INFO 799428 --- [springboot-movie] [main] .s.d.r.c.RepositoryConfigurationDelegate : Bootstrapping Spring Data JPA repositories in DEFAULT mode.
2025-06-27T15:36:32.558+08:00  INFO 799428 --- [springboot-movie] [main] .s.d.r.c.RepositoryConfigurationDelegate : Finished Spring Data repository scanning in 2312 ms. Found 6 JPA repository interfaces.
2025-06-27T15:36:32.656+08:00  INFO 799428 --- [springboot-movie] [main] .s.d.r.c.RepositoryConfigurationDelegate : Multiple Spring Data modules found, entering strict repository configuration mode
2025-06-27T15:36:32.656+08:00  INFO 799428 --- [springboot-movie] [main] .s.d.r.c.RepositoryConfigurationDelegate : Bootstrapping Spring Data JDBC repositories in DEFAULT mode.
2025-06-27T15:36:32.699+08:00  INFO 799428 --- [springboot-movie] [main] .RepositoryConfigurationExtensionSupport : Spring Data JDBC - Could not safely identify store assignment for repository candidate interface com.example.demo.repository.ChatMessageRepository; If you want this repository to be a JDBC repository, consider annotating your entities with one of these annotations: org.springframework.data.relational.core.mapping.Table.
2025-06-27T15:36:32.700+08:00  INFO 799428 --- [springboot-movie] [main] .RepositoryConfigurationExtensionSupport : Spring Data JDBC - Could not safely identify store assignment for repository candidate interface com.example.demo.repository.MovieRepository; If you want this repository to be a JDBC repository, consider annotating your entities with one of these annotations: org.springframework.data.relational.core.mapping.Table.
2025-06-27T15:36:32.701+08:00  INFO 799428 --- [springboot-movie] [main] .RepositoryConfigurationExtensionSupport : Spring Data JDBC - Could not safely identify store assignment for repository candidate interface com.example.demo.repository.ReviewReactionRepository; If you want this repository to be a JDBC repository, consider annotating your entities with one of these annotations: org.springframework.data.relational.core.mapping.Table.
2025-06-27T15:36:32.702+08:00  INFO 799428 --- [springboot-movie] [main] .RepositoryConfigurationExtensionSupport : Spring Data JDBC - Could not safely identify store assignment for repository candidate interface com.example.demo.repository.ReviewRepository; If you want this repository to be a JDBC repository, consider annotating your entities with one of these annotations: org.springframework.data.relational.core.mapping.Table.
2025-06-27T15:36:32.703+08:00  INFO 799428 --- [springboot-movie] [main] .RepositoryConfigurationExtensionSupport : Spring Data JDBC - Could not safely identify store assignment for repository candidate interface com.example.demo.repository.SpotRepository; If you want this repository to be a JDBC repository, consider annotating your entities with one of these annotations: org.springframework.data.relational.core.mapping.Table.
2025-06-27T15:36:32.706+08:00  INFO 799428 --- [springboot-movie] [main] .RepositoryConfigurationExtensionSupport : Spring Data JDBC - Could not safely identify store assignment for repository candidate interface com.example.demo.repository.UserRepository; If you want this repository to be a JDBC repository, consider annotating your entities with one of these annotations: org.springframework.data.relational.core.mapping.Table.
2025-06-27T15:36:32.706+08:00  INFO 799428 --- [springboot-movie] [main] .s.d.r.c.RepositoryConfigurationDelegate : Finished Spring Data repository scanning in 37 ms. Found 0 JDBC repository interfaces.
2025-06-27T15:36:35.132+08:00  INFO 799428 --- [springboot-movie] [main] o.s.b.w.embedded.tomcat.TomcatWebServer  : Tomcat initialized with port 8085 (http)
2025-06-27T15:36:35.185+08:00  INFO 799428 --- [springboot-movie] [main] o.apache.catalina.core.StandardService   : Starting service [Tomcat]
2025-06-27T15:36:35.186+08:00  INFO 799428 --- [springboot-movie] [main] o.apache.catalina.core.StandardEngine    : Starting Servlet engine: [Apache Tomcat/10.1.40]
2025-06-27T15:36:35.541+08:00  INFO 799428 --- [springboot-movie] [main] o.a.c.c.C.[Tomcat].[localhost].[/]       : Initializing Spring embedded WebApplicationContext
2025-06-27T15:36:35.541+08:00  INFO 799428 --- [springboot-movie] [main] w.s.c.ServletWebServerApplicationContext : Root WebApplicationContext: initialization completed in 8901 ms
2025-06-27T15:36:36.042+08:00  INFO 799428 --- [springboot-movie] [main] o.hibernate.jpa.internal.util.LogHelper  : HHH000204: Processing PersistenceUnitInfo [name: default]
2025-06-27T15:36:36.198+08:00  INFO 799428 --- [springboot-movie] [main] org.hibernate.Version                    : HHH000412: Hibernate ORM core version 6.6.13.Final
2025-06-27T15:36:36.334+08:00  INFO 799428 --- [springboot-movie] [main] o.h.c.internal.RegionFactoryInitiator    : HHH000026: Second-level cache disabled
2025-06-27T15:36:37.274+08:00  INFO 799428 --- [springboot-movie] [main] o.s.o.j.p.SpringPersistenceUnitInfo      : No LoadTimeWeaver setup: ignoring JPA class transformer
2025-06-27T15:36:37.360+08:00  INFO 799428 --- [springboot-movie] [main] com.zaxxer.hikari.HikariDataSource       : HikariPool-1 - Starting...
2025-06-27T15:36:37.851+08:00  INFO 799428 --- [springboot-movie] [main] com.zaxxer.hikari.pool.HikariPool        : HikariPool-1 - Added connection com.mysql.cj.jdbc.ConnectionImpl@54687fd0
2025-06-27T15:36:37.856+08:00  INFO 799428 --- [springboot-movie] [main] com.zaxxer.hikari.HikariDataSource       : HikariPool-1 - Start completed.
2025-06-27T15:36:38.150+08:00  INFO 799428 --- [springboot-movie] [main] org.hibernate.orm.connections.pooling    : HHH10001005: Database info:
	Database JDBC URL [Connecting through datasource 'HikariDataSource (HikariPool-1)']
	Database driver: undefined/unknown
	Database version: 8.0.42
	Autocommit mode: undefined/unknown
	Isolation level: undefined/unknown
	Minimum pool size: undefined/unknown
	Maximum pool size: undefined/unknown
2025-06-27T15:36:41.312+08:00  INFO 799428 --- [springboot-movie] [main] o.h.e.t.j.p.i.JtaPlatformInitiator       : HHH000489: No JTA platform available (set 'hibernate.transaction.jta.platform' to enable JTA platform integration)
2025-06-27T15:36:41.690+08:00  INFO 799428 --- [springboot-movie] [main] j.LocalContainerEntityManagerFactoryBean : Initialized JPA EntityManagerFactory for persistence unit 'default'
2025-06-27T15:36:44.692+08:00  INFO 799428 --- [springboot-movie] [main] o.s.d.j.r.query.QueryEnhancerFactory     : Hibernate is in classpath; If applicable, HQL parser will be used.
2025-06-27T15:36:53.098+08:00  INFO 799428 --- [springboot-movie] [main] o.s.m.s.b.SimpleBrokerMessageHandler     : Starting...
2025-06-27T15:36:53.104+08:00  INFO 799428 --- [springboot-movie] [main] o.s.m.s.b.SimpleBrokerMessageHandler     : BrokerAvailabilityEvent[available=true, SimpleBrokerMessageHandler [org.springframework.messaging.simp.broker.DefaultSubscriptionRegistry@8b9a4dc]]
2025-06-27T15:36:53.106+08:00  INFO 799428 --- [springboot-movie] [main] o.s.m.s.b.SimpleBrokerMessageHandler     : Started.
2025-06-27T15:36:53.140+08:00  INFO 799428 --- [springboot-movie] [main] o.s.b.w.embedded.tomcat.TomcatWebServer  : Tomcat started on port 8085 (http) with context path '/'
2025-06-27T15:36:53.163+08:00  INFO 799428 --- [springboot-movie] [main] c.e.demo.SpringbootMovieApplication      : Started SpringbootMovieApplication in 28.261 seconds (process running for 29.403)
2025-06-27T15:37:02.857+08:00  INFO 799428 --- [springboot-movie] [http-nio-8085-exec-1] o.a.c.c.C.[Tomcat].[localhost].[/]       : Initializing Spring DispatcherServlet 'dispatcherServlet'
2025-06-27T15:37:02.857+08:00  INFO 799428 --- [springboot-movie] [http-nio-8085-exec-1] o.s.web.servlet.DispatcherServlet        : Initializing Servlet 'dispatcherServlet'
2025-06-27T15:37:02.860+08:00  INFO 799428 --- [springboot-movie] [http-nio-8085-exec-1] o.s.web.servlet.DispatcherServlet        : Completed initialization in 2 ms
2025-06-27T15:37:03.555+08:00  WARN 799428 --- [springboot-movie] [http-nio-8085-exec-2] ration$PageModule$WarningLoggingModifier : Serializing PageImpl instances as-is is not supported, meaning that there is no guarantee about the stability of the resulting JSON structure!
	For a stable JSON structure, please use Spring Data's PagedModel (globally via @EnableSpringDataWebSupport(pageSerializationMode = VIA_DTO))
	or Spring HATEOAS and Spring Data's PagedResourcesAssembler as documented in https://docs.spring.io/spring-data/commons/reference/repositories/core-extensions.html#core.web.pageables.

2025-06-27T15:37:53.096+08:00  INFO 799428 --- [springboot-movie] [MessageBroker-1] o.s.w.s.c.WebSocketMessageBrokerStats    : WebSocketSession[0 current WS(0)-HttpStream(0)-HttpPoll(0), 0 total, 0 closed abnormally (0 connect failure, 0 send limit, 0 transport error)], stompSubProtocol[processed CONNECT(0)-CONNECTED(0)-DISCONNECT(0)], stompBrokerRelay[null], inboundChannel[pool size = 0, active threads = 0, queued tasks = 0, completed tasks = 0], outboundChannel[pool size = 0, active threads = 0, queued tasks = 0, completed tasks = 0], sockJsScheduler[pool size = 1, active threads = 1, queued tasks = 0, completed tasks = 0]
2025-06-27T16:07:53.114+08:00  INFO 799428 --- [springboot-movie] [MessageBroker-4] o.s.w.s.c.WebSocketMessageBrokerStats    : WebSocketSession[0 current WS(0)-HttpStream(0)-HttpPoll(0), 2 total, 0 closed abnormally (0 connect failure, 0 send limit, 0 transport error)], stompSubProtocol[processed CONNECT(2)-CONNECTED(2)-DISCONNECT(1)], stompBrokerRelay[null], inboundChannel[pool size = 0, active threads = 0, queued tasks = 0, completed tasks = 24], outboundChannel[pool size = 0, active threads = 0, queued tasks = 0, completed tasks = 6], sockJsScheduler[pool size = 4, active threads = 1, queued tasks = 1, completed tasks = 254]
2025-06-27T16:37:53.126+08:00  INFO 799428 --- [springboot-movie] [MessageBroker-4] o.s.w.s.c.WebSocketMessageBrokerStats    : WebSocketSession[0 current WS(0)-HttpStream(0)-HttpPoll(0), 2 total, 0 closed abnormally (0 connect failure, 0 send limit, 0 transport error)], stompSubProtocol[processed CONNECT(2)-CONNECTED(2)-DISCONNECT(1)], stompBrokerRelay[null], inboundChannel[pool size = 0, active threads = 0, queued tasks = 0, completed tasks = 24], outboundChannel[pool size = 0, active threads = 0, queued tasks = 0, completed tasks = 6], sockJsScheduler[pool size = 4, active threads = 1, queued tasks = 1, completed tasks = 615]
2025-06-27T18:33:47.177+08:00  INFO 799428 --- [springboot-movie] [MessageBroker-2] o.s.w.s.c.WebSocketMessageBrokerStats    : WebSocketSession[0 current WS(0)-HttpStream(0)-HttpPoll(0), 2 total, 0 closed abnormally (0 connect failure, 0 send limit, 0 transport error)], stompSubProtocol[processed CONNECT(2)-CONNECTED(2)-DISCONNECT(1)], stompBrokerRelay[null], inboundChannel[pool size = 0, active threads = 0, queued tasks = 0, completed tasks = 24], outboundChannel[pool size = 0, active threads = 0, queued tasks = 0, completed tasks = 6], sockJsScheduler[pool size = 4, active threads = 1, queued tasks = 0, completed tasks = 785]
2025-06-27T18:33:55.263+08:00  WARN 799428 --- [springboot-movie] [HikariPool-1 housekeeper] com.zaxxer.hikari.pool.HikariPool        : HikariPool-1 - Thread starvation or clock leap detected (housekeeper delta=1h42m24s692ms811µs900ns).
2025-06-27T18:37:17.188+08:00  INFO 799428 --- [springboot-movie] [SpringApplicationShutdownHook] o.s.b.w.e.tomcat.GracefulShutdown        : Commencing graceful shutdown. Waiting for active requests to complete
2025-06-27T18:37:17.203+08:00  INFO 799428 --- [springboot-movie] [tomcat-shutdown] o.s.b.w.e.tomcat.GracefulShutdown        : Graceful shutdown complete
2025-06-27T18:37:17.219+08:00  INFO 799428 --- [springboot-movie] [SpringApplicationShutdownHook] o.s.m.s.b.SimpleBrokerMessageHandler     : Stopping...
2025-06-27T18:37:17.219+08:00  INFO 799428 --- [springboot-movie] [SpringApplicationShutdownHook] o.s.m.s.b.SimpleBrokerMessageHandler     : BrokerAvailabilityEvent[available=false, SimpleBrokerMessageHandler [org.springframework.messaging.simp.broker.DefaultSubscriptionRegistry@8b9a4dc]]
2025-06-27T18:37:17.219+08:00  INFO 799428 --- [springboot-movie] [SpringApplicationShutdownHook] o.s.m.s.b.SimpleBrokerMessageHandler     : Stopped.
2025-06-27T18:37:17.266+08:00  INFO 799428 --- [springboot-movie] [SpringApplicationShutdownHook] j.LocalContainerEntityManagerFactoryBean : Closing JPA EntityManagerFactory for persistence unit 'default'
2025-06-27T18:37:17.297+08:00  INFO 799428 --- [springboot-movie] [SpringApplicationShutdownHook] com.zaxxer.hikari.HikariDataSource       : HikariPool-1 - Shutdown initiated...
2025-06-27T18:37:17.313+08:00  INFO 799428 --- [springboot-movie] [SpringApplicationShutdownHook] com.zaxxer.hikari.HikariDataSource       : HikariPool-1 - Shutdown completed.
